<?xml version="1.0" encoding="UTF-8"?>
<beans xmlns="http://www.springframework.org/schema/beans"
	   xmlns:xsi="http://www.w3.org/2001/XMLSchema-instance" 
	   xsi:schemaLocation="http://www.springframework.org/schema/beans http://www.springframework.org/schema/beans/spring-beans-3.0.xsd
       http://www.springframework.org/schema/context http://www.springframework.org/schema/context/spring-context-3.1.xsd">
	   
	<!--Test jobs definitions-->
	<bean id="mockJob" class="net.lariverosc.jesquespring.job.MockJob" scope="prototype"/>
	<bean id="mockJobArgs" class="net.lariverosc.jesquespring.job.MockJobArgs" scope="prototype"/>
	<bean id="mockJobFail" class="net.lariverosc.jesquespring.job.MockJobFail" scope="prototype"/>

	<!--Jesque DAO's configuration-->

	<bean id="failureDAO" class="net.greghaines.jesque.meta.dao.impl.FailureDAORedisImpl">
		<constructor-arg ref="jesqueConfig" />
		<constructor-arg ref="jedisPool" />
	</bean>

	<bean id="keysDAO" class="net.greghaines.jesque.meta.dao.impl.KeysDAORedisImpl">
		<constructor-arg ref="jesqueConfig" />
		<constructor-arg ref="jedisPool" />
	</bean>

	<bean id="queueInfoDAO" class="net.greghaines.jesque.meta.dao.impl.QueueInfoDAORedisImpl">
		<constructor-arg ref="jesqueConfig" />
		<constructor-arg ref="jedisPool" />
	</bean>

	<bean id="workerInfoDAO" class="net.greghaines.jesque.meta.dao.impl.WorkerInfoDAORedisImpl">
		<constructor-arg ref="jesqueConfig" />
		<constructor-arg ref="jedisPool" />
	</bean>
</beans>